TN:
SF:src\components\Header.jsx
FN:8,Header
FN:11,(anonymous_1)
FN:24,(anonymous_2)
FN:52,(anonymous_3)
FN:90,(anonymous_4)
FNF:5
FNH:4
FNDA:39,Header
FNDA:3,(anonymous_1)
FNDA:1,(anonymous_2)
FNDA:1,(anonymous_3)
FNDA:0,(anonymous_4)
DA:9,39
DA:10,39
DA:11,39
DA:12,3
DA:13,3
DA:20,2
DA:21,2
DA:22,1
DA:23,1
DA:24,1
DA:25,1
DA:28,1
DA:31,1
DA:32,1
DA:36,39
DA:52,1
DA:90,0
LF:17
LH:16
BRDA:21,0,0,1
BRDA:21,0,1,1
BRDA:45,1,0,39
BRDA:45,1,1,8
BRDA:57,2,0,39
BRDA:57,2,1,15
BRDA:75,3,0,39
BRDA:75,3,1,15
BRDA:83,4,0,39
BRDA:83,4,1,8
BRDA:95,5,0,39
BRDA:95,5,1,15
BRF:12
BRH:12
end_of_record
TN:
SF:src\components\NoteCard.jsx
FN:7,NoteCard
FN:10,(anonymous_1)
FN:42,(anonymous_2)
FN:77,(anonymous_3)
FN:88,(anonymous_4)
FNF:5
FNH:3
FNDA:4,NoteCard
FNDA:1,(anonymous_1)
FNDA:0,(anonymous_2)
FNDA:0,(anonymous_3)
FNDA:1,(anonymous_4)
DA:8,4
DA:10,4
DA:11,1
DA:14,1
DA:15,0
DA:16,0
DA:19,1
DA:21,1
DA:22,1
DA:24,1
DA:25,1
DA:33,1
DA:35,1
DA:36,1
DA:38,0
DA:41,1
DA:42,1
DA:43,0
DA:47,0
DA:51,4
DA:52,4
DA:55,4
DA:56,4
DA:57,4
DA:61,4
DA:78,0
DA:79,0
DA:89,1
LF:28
LH:21
BRDA:11,0,0,1
BRDA:11,0,1,0
BRDA:14,1,0,0
BRDA:14,1,1,1
BRDA:21,2,0,1
BRDA:21,2,1,0
BRDA:21,3,0,1
BRDA:21,3,1,1
BRDA:35,4,0,1
BRDA:35,4,1,0
BRDA:38,5,0,0
BRDA:38,5,1,0
BRDA:41,6,0,1
BRDA:41,6,1,0
BRDA:51,7,0,4
BRDA:51,7,1,0
BRDA:52,8,0,4
BRDA:52,8,1,0
BRDA:55,9,0,4
BRDA:55,9,1,0
BRDA:56,10,0,4
BRDA:56,10,1,0
BRDA:57,11,0,3
BRDA:57,11,1,1
BRDA:78,12,0,0
BRDA:78,12,1,0
BRF:26
BRH:13
end_of_record
TN:
SF:src\pages\auth\signIn.jsx
FN:9,SignIn
FN:14,(anonymous_1)
FN:24,(anonymous_2)
FNF:3
FNH:3
FNDA:10,SignIn
FNDA:6,(anonymous_1)
FNDA:2,(anonymous_2)
DA:10,10
DA:11,10
DA:12,10
DA:14,10
DA:15,6
DA:16,6
DA:17,3
DA:19,6
DA:20,3
DA:24,10
DA:25,2
DA:27,2
DA:28,2
DA:30,2
DA:31,0
DA:32,0
DA:35,2
DA:36,0
DA:37,0
DA:40,2
DA:41,2
DA:43,2
DA:44,2
DA:53,2
DA:55,2
DA:56,0
DA:58,0
DA:59,0
DA:60,0
DA:62,0
DA:65,0
DA:67,2
DA:70,0
DA:74,10
LF:34
LH:23
BRDA:16,0,0,3
BRDA:16,0,1,3
BRDA:19,1,0,3
BRDA:19,1,1,3
BRDA:30,2,0,0
BRDA:30,2,1,2
BRDA:35,3,0,0
BRDA:35,3,1,2
BRDA:40,4,0,2
BRDA:40,4,1,0
BRDA:40,5,0,2
BRDA:40,5,1,2
BRDA:55,6,0,0
BRDA:55,6,1,2
BRDA:55,7,0,2
BRDA:55,7,1,1
BRDA:58,8,0,0
BRDA:58,8,1,0
BRDA:58,9,0,0
BRDA:58,9,1,0
BRDA:67,10,0,2
BRDA:67,10,1,2
BRDA:67,10,2,0
BRF:23
BRH:14
end_of_record
TN:
SF:src\pages\auth\signUp.jsx
FN:8,SignUp
FN:14,(anonymous_1)
FN:27,(anonymous_2)
FNF:3
FNH:3
FNDA:13,SignUp
FNDA:9,(anonymous_1)
FNDA:2,(anonymous_2)
DA:9,13
DA:10,13
DA:11,13
DA:12,13
DA:14,13
DA:15,9
DA:16,9
DA:17,3
DA:19,9
DA:20,3
DA:22,9
DA:23,3
DA:27,13
DA:28,2
DA:30,2
DA:31,0
DA:32,0
DA:34,2
DA:35,0
DA:36,0
DA:39,2
DA:40,0
DA:41,0
DA:44,2
DA:45,0
DA:46,0
DA:48,2
DA:49,0
DA:50,0
DA:53,2
DA:58,2
DA:59,2
DA:67,2
DA:69,2
DA:70,0
DA:72,2
DA:75,2
DA:76,0
DA:79,0
DA:80,0
DA:84,13
LF:41
LH:27
BRDA:16,0,0,3
BRDA:16,0,1,6
BRDA:19,1,0,3
BRDA:19,1,1,6
BRDA:22,2,0,3
BRDA:22,2,1,6
BRDA:30,3,0,0
BRDA:30,3,1,2
BRDA:34,4,0,0
BRDA:34,4,1,2
BRDA:39,5,0,0
BRDA:39,5,1,2
BRDA:44,6,0,0
BRDA:44,6,1,2
BRDA:48,7,0,0
BRDA:48,7,1,2
BRDA:69,8,0,0
BRDA:69,8,1,2
BRDA:75,9,0,0
BRDA:75,9,1,2
BRF:20
BRH:13
end_of_record
TN:
SF:src\pages\dashboard\dashboard.jsx
FN:10,Dashboard
FN:16,(anonymous_1)
FN:42,(anonymous_2)
FN:46,(anonymous_3)
FN:69,(anonymous_4)
FN:80,(anonymous_5)
FNF:6
FNH:5
FNDA:3,Dashboard
FNDA:1,(anonymous_1)
FNDA:1,(anonymous_2)
FNDA:1,(anonymous_3)
FNDA:0,(anonymous_4)
FNDA:1,(anonymous_5)
DA:11,3
DA:12,3
DA:13,3
DA:14,3
DA:16,3
DA:17,1
DA:18,1
DA:19,1
DA:25,1
DA:26,1
DA:27,1
DA:28,1
DA:29,0
DA:30,0
DA:31,0
DA:33,0
DA:34,0
DA:37,0
DA:38,0
DA:39,0
DA:42,3
DA:43,1
DA:46,3
DA:47,1
DA:49,3
DA:70,0
DA:81,1
LF:27
LH:18
BRDA:26,0,0,1
BRDA:26,0,1,0
BRDA:26,1,0,1
BRDA:26,1,1,1
BRDA:29,2,0,0
BRDA:29,2,1,0
BRDA:29,3,0,0
BRDA:29,3,1,0
BRDA:33,4,0,0
BRDA:33,4,1,0
BRDA:33,4,2,0
BRDA:53,5,0,1
BRDA:53,5,1,2
BRDA:79,6,0,1
BRDA:79,6,1,1
BRF:15
BRH:7
end_of_record
TN:
SF:src\pages\note-editor\note_editor.jsx
FN:17,NoteEditor
FN:41,(anonymous_1)
FN:51,(anonymous_2)
FN:54,(anonymous_3)
FN:81,(anonymous_4)
FN:132,(anonymous_5)
FN:143,(anonymous_6)
FN:159,(anonymous_7)
FN:169,(anonymous_8)
FN:177,(anonymous_9)
FN:185,(anonymous_10)
FN:192,(anonymous_11)
FN:200,(anonymous_12)
FN:208,(anonymous_13)
FNF:14
FNH:7
FNDA:7,NoteEditor
FNDA:9,(anonymous_1)
FNDA:5,(anonymous_2)
FNDA:2,(anonymous_3)
FNDA:1,(anonymous_4)
FNDA:0,(anonymous_5)
FNDA:1,(anonymous_6)
FNDA:1,(anonymous_7)
FNDA:0,(anonymous_8)
FNDA:0,(anonymous_9)
FNDA:0,(anonymous_10)
FNDA:0,(anonymous_11)
FNDA:0,(anonymous_12)
FNDA:0,(anonymous_13)
DA:18,7
DA:19,7
DA:20,7
DA:21,7
DA:23,7
DA:39,7
DA:41,9
DA:51,7
DA:52,5
DA:54,2
DA:55,2
DA:56,2
DA:64,2
DA:65,0
DA:66,0
DA:67,0
DA:70,2
DA:71,2
DA:72,2
DA:74,0
DA:78,2
DA:81,7
DA:82,1
DA:83,1
DA:84,1
DA:86,1
DA:87,0
DA:88,0
DA:91,1
DA:92,0
DA:93,0
DA:95,1
DA:96,1
DA:97,1
DA:109,1
DA:110,0
DA:111,0
DA:113,1
DA:115,0
DA:126,0
DA:127,0
DA:128,0
DA:130,0
DA:132,1
DA:133,0
DA:136,0
DA:140,7
DA:141,0
DA:143,7
DA:144,1
DA:146,7
DA:159,1
DA:169,0
DA:177,0
DA:185,0
DA:192,0
DA:200,0
DA:208,0
LF:58
LH:34
BRDA:42,0,0,9
BRDA:42,0,1,0
BRDA:43,1,0,9
BRDA:43,1,1,0
BRDA:44,2,0,9
BRDA:44,2,1,0
BRDA:45,3,0,9
BRDA:45,3,1,0
BRDA:46,4,0,9
BRDA:46,4,1,0
BRDA:47,5,0,9
BRDA:47,5,1,0
BRDA:52,6,0,3
BRDA:52,6,1,2
BRDA:52,7,0,5
BRDA:52,7,1,2
BRDA:64,8,0,0
BRDA:64,8,1,2
BRDA:86,9,0,0
BRDA:86,9,1,1
BRDA:91,10,0,0
BRDA:91,10,1,1
BRDA:96,11,0,1
BRDA:96,11,1,0
BRDA:109,12,0,0
BRDA:109,12,1,1
BRDA:126,13,0,0
BRDA:126,13,1,0
BRDA:140,14,0,0
BRDA:140,14,1,7
BRDA:167,15,0,0
BRDA:167,15,1,7
BRDA:176,16,0,0
BRDA:176,16,1,7
BRDA:184,17,0,0
BRDA:184,17,1,7
BRDA:191,18,0,0
BRDA:191,18,1,7
BRDA:199,19,0,0
BRDA:199,19,1,7
BRDA:207,20,0,0
BRDA:207,20,1,7
BRF:42
BRH:22
end_of_record
